2026-03-13 00:48:04,634 - INFO - data.ticker_fetcher - Fetched 2251 NSE tickers
2026-03-13 10:22:21,470 - INFO - data.ticker_fetcher - Fetched 2251 NSE tickers
2026-03-13 10:22:21,473 - INFO - __main__ - Limiting tickers to first 300 for this run
2026-03-13 10:22:47,384 - WARNING - data.downloader - No data for AEPL.NS
2026-03-13 10:24:10,095 - WARNING - data.downloader - No data for BHANDA-RE2.NS
2026-03-13 10:24:11,965 - INFO - data.downloader - Download complete. Files saved to data/raw
2026-03-13 10:26:23,037 - INFO - data.ticker_fetcher - Fetched 2251 NSE tickers
2026-03-13 10:26:23,038 - INFO - __main__ - Limiting tickers to first 300 for this run
2026-03-13 10:26:43,432 - WARNING - data.downloader - No data for AEPL.NS
2026-03-13 10:28:06,057 - WARNING - data.downloader - No data for BHANDA-RE2.NS
2026-03-13 10:28:07,882 - INFO - data.downloader - Download complete. Files saved to data/raw
2026-03-13 10:28:56,815 - INFO - data.ticker_fetcher - Fetched 2251 NSE tickers
2026-03-13 10:28:56,816 - INFO - __main__ - Limiting tickers to first 300 for this run
2026-03-13 10:29:18,007 - WARNING - data.downloader - No data for AEPL.NS
2026-03-13 10:30:41,705 - WARNING - data.downloader - No data for BHANDA-RE2.NS
2026-03-13 10:30:43,556 - INFO - data.downloader - Download complete. Files saved to data/raw
2026-03-13 10:30:43,776 - INFO - features.engineer - Features computed for 20MICRONS
2026-03-13 10:30:43,937 - INFO - features.engineer - Features computed for 21STCENMGM
2026-03-13 10:30:44,066 - INFO - features.engineer - Features computed for 360ONE
2026-03-13 10:30:44,240 - INFO - features.engineer - Features computed for 3IINFOLTD
2026-03-13 10:30:44,489 - INFO - features.engineer - Features computed for 3MINDIA
2026-03-13 10:30:44,684 - INFO - features.engineer - Features computed for 3PLAND
2026-03-13 10:30:44,847 - INFO - features.engineer - Features computed for 5PAISA
2026-03-13 10:30:45,043 - INFO - features.engineer - Features computed for 63MOONS
2026-03-13 10:30:45,260 - INFO - features.engineer - Features computed for A2ZINFRA
2026-03-13 10:30:45,380 - INFO - features.engineer - Features computed for AAATECH
2026-03-13 10:30:45,445 - INFO - features.engineer - Features computed for AADHARHFC
2026-03-13 10:30:45,594 - INFO - features.engineer - Features computed for AAKASH
2026-03-13 10:30:45,710 - INFO - features.engineer - Features computed for AAREYDRUGS
2026-03-13 10:31:49,536 - INFO - data.ticker_fetcher - Fetched 2251 NSE tickers
2026-03-13 10:31:49,537 - INFO - __main__ - Limiting tickers to first 300 for this run
2026-03-13 10:32:17,695 - WARNING - data.downloader - No data for AEPL.NS
2026-03-13 10:34:22,034 - INFO - data.ticker_fetcher - Fetched 2251 NSE tickers
2026-03-13 10:34:22,036 - INFO - __main__ - Limiting tickers to first 150 for this run
2026-03-13 10:34:42,425 - WARNING - data.downloader - No data for AEPL.NS
2026-03-13 10:35:15,236 - INFO - data.downloader - Download complete. Files saved to data/raw
2026-03-13 10:35:15,451 - INFO - features.engineer - Features computed for 20MICRONS
2026-03-13 10:35:15,607 - INFO - features.engineer - Features computed for 21STCENMGM
2026-03-13 10:35:15,755 - INFO - features.engineer - Features computed for 360ONE
2026-03-13 10:35:15,949 - INFO - features.engineer - Features computed for 3IINFOLTD
2026-03-13 10:35:16,153 - INFO - features.engineer - Features computed for 3MINDIA
2026-03-13 10:35:16,365 - INFO - features.engineer - Features computed for 3PLAND
2026-03-13 10:35:16,527 - INFO - features.engineer - Features computed for 5PAISA
2026-03-13 10:35:16,809 - INFO - features.engineer - Features computed for 63MOONS
2026-03-13 10:35:17,026 - INFO - features.engineer - Features computed for A2ZINFRA
2026-03-13 10:35:17,148 - INFO - features.engineer - Features computed for AAATECH
2026-03-13 10:35:17,217 - INFO - features.engineer - Features computed for AADHARHFC
2026-03-13 10:35:17,418 - INFO - features.engineer - Features computed for AAKASH
2026-03-13 10:35:17,527 - INFO - features.engineer - Features computed for AAREYDRUGS
2026-03-13 10:35:17,535 - WARNING - features.engineer - Not enough rows (11) in data\raw\AARNAV.csv; skipping
2026-03-13 10:35:17,691 - INFO - features.engineer - Features computed for AARON
2026-03-13 10:35:17,774 - INFO - features.engineer - Features computed for AARTECH
2026-03-13 10:35:17,961 - INFO - features.engineer - Features computed for AARTIDRUGS
2026-03-13 10:35:18,163 - INFO - features.engineer - Features computed for AARTIIND
2026-03-13 10:35:18,258 - INFO - features.engineer - Features computed for AARTIPHARM
2026-03-13 10:35:18,405 - INFO - features.engineer - Features computed for AARTISURF
2026-03-13 10:35:18,572 - INFO - features.engineer - Features computed for AARVI
2026-03-13 10:35:18,729 - INFO - features.engineer - Features computed for AAVAS
2026-03-13 10:35:18,921 - INFO - features.engineer - Features computed for ABB
2026-03-13 10:35:19,186 - INFO - features.engineer - Features computed for ABBOTINDIA
2026-03-13 10:35:19,361 - INFO - features.engineer - Features computed for ABCAPITAL
2026-03-13 10:35:19,459 - INFO - features.engineer - Features computed for ABCOTS
2026-03-13 10:35:19,536 - INFO - features.engineer - Features computed for ABDL
2026-03-13 10:35:19,738 - INFO - features.engineer - Features computed for ABFRL
2026-03-13 10:35:19,913 - INFO - features.engineer - Features computed for ABINFRA
2026-03-13 10:35:19,956 - INFO - features.engineer - Features computed for ABLBL
2026-03-13 10:35:20,116 - INFO - features.engineer - Features computed for ABMINTLLTD
2026-03-13 10:35:20,426 - INFO - features.engineer - Features computed for ABREL
2026-03-13 10:35:20,539 - INFO - features.engineer - Features computed for ABSLAMC
2026-03-13 10:35:20,754 - INFO - features.engineer - Features computed for ACC
2026-03-13 10:35:20,954 - INFO - features.engineer - Features computed for ACCELYA
2026-03-13 10:35:21,179 - INFO - features.engineer - Features computed for ACCURACY
2026-03-13 10:35:21,366 - INFO - features.engineer - Features computed for ACE
2026-03-13 10:35:21,501 - INFO - features.engineer - Features computed for ACEINTEG
2026-03-13 10:35:21,613 - INFO - features.engineer - Features computed for ACI
2026-03-13 10:35:21,790 - INFO - features.engineer - Features computed for ACL
2026-03-13 10:35:21,849 - INFO - features.engineer - Features computed for ACMESOLAR
2026-03-13 10:35:21,905 - INFO - features.engineer - Features computed for ACUTAAS
2026-03-13 10:35:21,991 - INFO - features.engineer - Features computed for ADANIENSOL
2026-03-13 10:35:22,199 - INFO - features.engineer - Features computed for ADANIENT
2026-03-13 10:35:22,383 - INFO - features.engineer - Features computed for ADANIGREEN
2026-03-13 10:35:22,652 - INFO - features.engineer - Features computed for ADANIPORTS
2026-03-13 10:35:22,854 - INFO - features.engineer - Features computed for ADANIPOWER
2026-03-13 10:35:23,070 - INFO - features.engineer - Features computed for ADFFOODS
2026-03-13 10:35:23,189 - INFO - features.engineer - Features computed for ADL
2026-03-13 10:35:23,388 - INFO - features.engineer - Features computed for ADOR
2026-03-13 10:35:23,577 - INFO - features.engineer - Features computed for ADROITINFO
2026-03-13 10:35:23,764 - INFO - features.engineer - Features computed for ADSL
2026-03-13 10:35:23,774 - WARNING - features.engineer - Not enough rows (36) in data\raw\ADVAIT.csv; skipping
2026-03-13 10:35:23,820 - INFO - features.engineer - Features computed for ADVANCE
2026-03-13 10:35:24,056 - INFO - features.engineer - Features computed for ADVANIHOTR
2026-03-13 10:35:24,086 - INFO - features.engineer - Features computed for ADVENTHTL
2026-03-13 10:35:24,295 - INFO - features.engineer - Features computed for ADVENZYMES
2026-03-13 10:35:24,373 - INFO - features.engineer - Features computed for AEGISLOG
2026-03-13 10:35:24,475 - INFO - features.engineer - Features computed for AEGISVOPAK
2026-03-13 10:35:24,504 - INFO - features.engineer - Features computed for AEQUS
2026-03-13 10:35:24,554 - INFO - features.engineer - Features computed for AEROENTER
2026-03-13 10:35:24,635 - INFO - features.engineer - Features computed for AEROFLEX
2026-03-13 10:35:24,718 - INFO - features.engineer - Features computed for AERONEU
2026-03-13 10:35:24,814 - INFO - features.engineer - Features computed for AETHER
2026-03-13 10:35:24,880 - INFO - features.engineer - Features computed for AFCONS
2026-03-13 10:35:25,024 - INFO - features.engineer - Features computed for AFFLE
2026-03-13 10:35:25,084 - INFO - features.engineer - Features computed for AFFORDABLE
2026-03-13 10:35:25,148 - INFO - features.engineer - Features computed for AFIL
2026-03-13 10:35:25,243 - INFO - features.engineer - Features computed for AFSL
2026-03-13 10:35:25,467 - INFO - features.engineer - Features computed for AGARIND
2026-03-13 10:35:25,526 - INFO - features.engineer - Features computed for AGARWALEYE
2026-03-13 10:35:25,734 - INFO - features.engineer - Features computed for AGI
2026-03-13 10:35:25,808 - INFO - features.engineer - Features computed for AGIIL
2026-03-13 10:35:26,016 - INFO - features.engineer - Features computed for AGRITECH
2026-03-13 10:35:26,207 - INFO - features.engineer - Features computed for AGROPHOS
2026-03-13 10:35:26,311 - INFO - features.engineer - Features computed for AGSTRA
2026-03-13 10:35:26,356 - INFO - features.engineer - Features computed for AHCL
2026-03-13 10:35:26,539 - INFO - features.engineer - Features computed for AHLADA
2026-03-13 10:35:26,787 - INFO - features.engineer - Features computed for AHLEAST
2026-03-13 10:35:26,953 - INFO - features.engineer - Features computed for AHLUCONT
2026-03-13 10:35:27,186 - INFO - features.engineer - Features computed for AIAENG
2026-03-13 10:35:27,268 - INFO - features.engineer - Features computed for AIIL
2026-03-13 10:35:27,461 - INFO - features.engineer - Features computed for AIRAN
2026-03-13 10:35:27,635 - INFO - features.engineer - Features computed for AIROLAM
2026-03-13 10:35:27,884 - INFO - features.engineer - Features computed for AJANTPHARM
2026-03-13 10:35:27,934 - INFO - features.engineer - Features computed for AJAXENGG
2026-03-13 10:35:28,186 - INFO - features.engineer - Features computed for AJMERA
2026-03-13 10:35:28,351 - INFO - features.engineer - Features computed for AJOONI
2026-03-13 10:35:28,514 - INFO - features.engineer - Features computed for AKASH
2026-03-13 10:35:28,695 - INFO - features.engineer - Features computed for AKG
2026-03-13 10:35:28,791 - INFO - features.engineer - Features computed for AKI
2026-03-13 10:35:28,888 - INFO - features.engineer - Features computed for AKSHAR
2026-03-13 10:35:29,114 - INFO - features.engineer - Features computed for AKSHARCHEM
2026-03-13 10:35:29,327 - INFO - features.engineer - Features computed for AKSHOPTFBR
2026-03-13 10:35:29,396 - INFO - features.engineer - Features computed for AKUMS
2026-03-13 10:35:29,621 - INFO - features.engineer - Features computed for AKZOINDIA
2026-03-13 10:35:29,841 - INFO - features.engineer - Features computed for ALANKIT
2026-03-13 10:35:30,046 - INFO - features.engineer - Features computed for ALBERTDAVD
2026-03-13 10:35:30,264 - INFO - features.engineer - Features computed for ALEMBICLTD
2026-03-13 10:35:30,274 - WARNING - features.engineer - Not enough rows (45) in data\raw\ALGOQUANT.csv; skipping
2026-03-13 10:35:30,477 - INFO - features.engineer - Features computed for ALICON
2026-03-13 10:35:30,537 - INFO - features.engineer - Features computed for ALIVUS
2026-03-13 10:35:30,753 - INFO - features.engineer - Features computed for ALKALI
2026-03-13 10:35:30,945 - INFO - features.engineer - Features computed for ALKEM
2026-03-13 10:35:31,186 - INFO - features.engineer - Features computed for ALKYLAMINE
2026-03-13 10:35:31,388 - INFO - features.engineer - Features computed for ALLCARGO
2026-03-13 10:35:31,455 - INFO - features.engineer - Features computed for ALLDIGI
2026-03-13 10:35:31,506 - INFO - features.engineer - Features computed for ALLTIME
2026-03-13 10:35:31,715 - INFO - features.engineer - Features computed for ALMONDZ
2026-03-13 10:35:31,910 - INFO - features.engineer - Features computed for ALOKINDS
2026-03-13 10:35:32,114 - INFO - features.engineer - Features computed for ALPA
2026-03-13 10:35:32,308 - INFO - features.engineer - Features computed for ALPHAGEO
2026-03-13 10:35:32,318 - WARNING - features.engineer - Not enough rows (35) in data\raw\AMAGI.csv; skipping
2026-03-13 10:35:32,368 - INFO - features.engineer - Features computed for AMANTA
2026-03-13 10:35:32,549 - INFO - features.engineer - Features computed for AMBER
2026-03-13 10:35:32,714 - INFO - features.engineer - Features computed for AMBICAAGAR
2026-03-13 10:35:32,903 - INFO - features.engineer - Features computed for AMBIKCO
2026-03-13 10:35:33,115 - INFO - features.engineer - Features computed for AMBUJACEM
2026-03-13 10:35:33,324 - INFO - features.engineer - Features computed for AMDIND
2026-03-13 10:35:33,534 - INFO - features.engineer - Features computed for AMJLAND
2026-03-13 10:35:33,613 - INFO - features.engineer - Features computed for AMNPLST
2026-03-13 10:35:33,852 - INFO - features.engineer - Features computed for AMRUTANJAN
2026-03-13 10:35:33,974 - INFO - features.engineer - Features computed for ANANDRATHI
2026-03-13 10:35:34,211 - INFO - features.engineer - Features computed for ANANTRAJ
2026-03-13 10:35:34,411 - INFO - features.engineer - Features computed for ANDHRAPAP
2026-03-13 10:35:34,612 - INFO - features.engineer - Features computed for ANDHRSUGAR
2026-03-13 10:35:34,737 - INFO - features.engineer - Features computed for ANGELONE
2026-03-13 10:35:34,923 - INFO - features.engineer - Features computed for ANIKINDS
2026-03-13 10:35:35,092 - INFO - features.engineer - Features computed for ANKITMETAL
2026-03-13 10:35:35,214 - INFO - features.engineer - Features computed for ANMOL
2026-03-13 10:35:35,419 - INFO - features.engineer - Features computed for ANSALAPI
2026-03-13 10:35:35,464 - INFO - features.engineer - Features computed for ANTELOPUS
2026-03-13 10:35:35,647 - INFO - features.engineer - Features computed for ANTGRAPHIC
2026-03-13 10:35:35,696 - INFO - features.engineer - Features computed for ANTHEM
2026-03-13 10:35:35,753 - INFO - features.engineer - Features computed for ANUHPHR
2026-03-13 10:35:35,913 - INFO - features.engineer - Features computed for ANUP
2026-03-13 10:35:36,044 - INFO - features.engineer - Features computed for ANURAS
2026-03-13 10:35:36,253 - INFO - features.engineer - Features computed for APARINDS
2026-03-13 10:35:36,457 - INFO - features.engineer - Features computed for APCL
2026-03-13 10:35:36,677 - INFO - features.engineer - Features computed for APCOTEXIND
2026-03-13 10:35:36,853 - INFO - features.engineer - Features computed for APEX
2026-03-13 10:35:37,061 - INFO - features.engineer - Features computed for APLAPOLLO
2026-03-13 10:35:37,285 - INFO - features.engineer - Features computed for APLLTD
2026-03-13 10:35:37,458 - INFO - features.engineer - Features computed for APOLLO
2026-03-13 10:35:37,728 - INFO - features.engineer - Features computed for APOLLOHOSP
2026-03-13 10:35:37,874 - INFO - features.engineer - Features computed for APOLLOPIPE
2026-03-13 10:35:38,083 - INFO - features.engineer - Features computed for APOLLOTYRE
2026-03-13 10:35:38,298 - INFO - features.engineer - Features computed for APOLSINHOT
2026-03-13 10:35:38,503 - INFO - features.engineer - Features computed for APTECHT
2026-03-13 10:36:55,071 - INFO - data.ticker_fetcher - Fetched 2251 NSE tickers
2026-03-13 10:36:55,072 - INFO - __main__ - Limiting tickers to first 150 for this run
2026-03-13 10:37:18,162 - WARNING - data.downloader - No data for AEPL.NS
2026-03-13 10:37:53,054 - INFO - data.downloader - Download complete. Files saved to data/raw
2026-03-13 10:37:53,279 - INFO - features.engineer - Features computed for 20MICRONS
2026-03-13 10:37:53,482 - INFO - features.engineer - Features computed for 21STCENMGM
2026-03-13 10:37:53,606 - INFO - features.engineer - Features computed for 360ONE
2026-03-13 10:37:53,782 - INFO - features.engineer - Features computed for 3IINFOLTD
2026-03-13 10:37:54,018 - INFO - features.engineer - Features computed for 3MINDIA
2026-03-13 10:37:54,222 - INFO - features.engineer - Features computed for 3PLAND
2026-03-13 10:37:54,384 - INFO - features.engineer - Features computed for 5PAISA
2026-03-13 10:37:54,587 - INFO - features.engineer - Features computed for 63MOONS
2026-03-13 10:37:54,782 - INFO - features.engineer - Features computed for A2ZINFRA
2026-03-13 10:37:54,892 - INFO - features.engineer - Features computed for AAATECH
2026-03-13 10:37:54,959 - INFO - features.engineer - Features computed for AADHARHFC
2026-03-13 10:37:55,141 - INFO - features.engineer - Features computed for AAKASH
2026-03-13 10:37:55,262 - INFO - features.engineer - Features computed for AAREYDRUGS
2026-03-13 10:37:55,270 - WARNING - features.engineer - Not enough rows (11) in data\raw\AARNAV.csv; skipping
2026-03-13 10:37:55,421 - INFO - features.engineer - Features computed for AARON
2026-03-13 10:37:55,496 - INFO - features.engineer - Features computed for AARTECH
2026-03-13 10:37:55,741 - INFO - features.engineer - Features computed for AARTIDRUGS
2026-03-13 10:37:56,028 - INFO - features.engineer - Features computed for AARTIIND
2026-03-13 10:37:56,122 - INFO - features.engineer - Features computed for AARTIPHARM
2026-03-13 10:37:56,249 - INFO - features.engineer - Features computed for AARTISURF
2026-03-13 10:37:56,412 - INFO - features.engineer - Features computed for AARVI
2026-03-13 10:37:56,570 - INFO - features.engineer - Features computed for AAVAS
2026-03-13 10:37:56,759 - INFO - features.engineer - Features computed for ABB
2026-03-13 10:37:56,977 - INFO - features.engineer - Features computed for ABBOTINDIA
2026-03-13 10:37:57,162 - INFO - features.engineer - Features computed for ABCAPITAL
2026-03-13 10:37:57,252 - INFO - features.engineer - Features computed for ABCOTS
2026-03-13 10:37:57,312 - INFO - features.engineer - Features computed for ABDL
2026-03-13 10:37:57,506 - INFO - features.engineer - Features computed for ABFRL
2026-03-13 10:37:57,682 - INFO - features.engineer - Features computed for ABINFRA
2026-03-13 10:37:57,731 - INFO - features.engineer - Features computed for ABLBL
2026-03-13 10:37:57,899 - INFO - features.engineer - Features computed for ABMINTLLTD
2026-03-13 10:37:58,105 - INFO - features.engineer - Features computed for ABREL
2026-03-13 10:37:58,234 - INFO - features.engineer - Features computed for ABSLAMC
2026-03-13 10:37:58,426 - INFO - features.engineer - Features computed for ACC
2026-03-13 10:37:58,630 - INFO - features.engineer - Features computed for ACCELYA
2026-03-13 10:37:58,788 - INFO - features.engineer - Features computed for ACCURACY
2026-03-13 10:37:59,003 - INFO - features.engineer - Features computed for ACE
2026-03-13 10:37:59,155 - INFO - features.engineer - Features computed for ACEINTEG
2026-03-13 10:37:59,251 - INFO - features.engineer - Features computed for ACI
2026-03-13 10:37:59,412 - INFO - features.engineer - Features computed for ACL
2026-03-13 10:37:59,466 - INFO - features.engineer - Features computed for ACMESOLAR
2026-03-13 10:37:59,515 - INFO - features.engineer - Features computed for ACUTAAS
2026-03-13 10:37:59,606 - INFO - features.engineer - Features computed for ADANIENSOL
2026-03-13 10:37:59,822 - INFO - features.engineer - Features computed for ADANIENT
2026-03-13 10:37:59,996 - INFO - features.engineer - Features computed for ADANIGREEN
2026-03-13 10:38:00,199 - INFO - features.engineer - Features computed for ADANIPORTS
2026-03-13 10:38:00,420 - INFO - features.engineer - Features computed for ADANIPOWER
2026-03-13 10:38:00,624 - INFO - features.engineer - Features computed for ADFFOODS
2026-03-13 10:38:00,749 - INFO - features.engineer - Features computed for ADL
2026-03-13 10:38:01,040 - INFO - features.engineer - Features computed for ADOR
2026-03-13 10:38:01,229 - INFO - features.engineer - Features computed for ADROITINFO
2026-03-13 10:38:01,460 - INFO - features.engineer - Features computed for ADSL
2026-03-13 10:38:01,468 - WARNING - features.engineer - Not enough rows (36) in data\raw\ADVAIT.csv; skipping
2026-03-13 10:38:01,511 - INFO - features.engineer - Features computed for ADVANCE
2026-03-13 10:38:01,721 - INFO - features.engineer - Features computed for ADVANIHOTR
2026-03-13 10:38:01,749 - INFO - features.engineer - Features computed for ADVENTHTL
2026-03-13 10:38:02,019 - INFO - features.engineer - Features computed for ADVENZYMES
2026-03-13 10:38:02,113 - INFO - features.engineer - Features computed for AEGISLOG
2026-03-13 10:38:02,155 - INFO - features.engineer - Features computed for AEGISVOPAK
2026-03-13 10:38:02,183 - INFO - features.engineer - Features computed for AEQUS
2026-03-13 10:38:02,231 - INFO - features.engineer - Features computed for AEROENTER
2026-03-13 10:38:02,315 - INFO - features.engineer - Features computed for AEROFLEX
2026-03-13 10:38:02,408 - INFO - features.engineer - Features computed for AERONEU
2026-03-13 10:38:02,512 - INFO - features.engineer - Features computed for AETHER
2026-03-13 10:38:02,567 - INFO - features.engineer - Features computed for AFCONS
2026-03-13 10:38:02,716 - INFO - features.engineer - Features computed for AFFLE
2026-03-13 10:38:02,779 - INFO - features.engineer - Features computed for AFFORDABLE
2026-03-13 10:38:02,841 - INFO - features.engineer - Features computed for AFIL
2026-03-13 10:38:02,935 - INFO - features.engineer - Features computed for AFSL
2026-03-13 10:38:03,127 - INFO - features.engineer - Features computed for AGARIND
2026-03-13 10:38:03,180 - INFO - features.engineer - Features computed for AGARWALEYE
2026-03-13 10:38:03,398 - INFO - features.engineer - Features computed for AGI
2026-03-13 10:38:03,465 - INFO - features.engineer - Features computed for AGIIL
2026-03-13 10:38:03,677 - INFO - features.engineer - Features computed for AGRITECH
2026-03-13 10:38:03,860 - INFO - features.engineer - Features computed for AGROPHOS
2026-03-13 10:38:03,959 - INFO - features.engineer - Features computed for AGSTRA
2026-03-13 10:38:04,000 - INFO - features.engineer - Features computed for AHCL
2026-03-13 10:38:04,145 - INFO - features.engineer - Features computed for AHLADA
2026-03-13 10:38:04,374 - INFO - features.engineer - Features computed for AHLEAST
2026-03-13 10:38:04,595 - INFO - features.engineer - Features computed for AHLUCONT
2026-03-13 10:38:04,794 - INFO - features.engineer - Features computed for AIAENG
2026-03-13 10:38:04,871 - INFO - features.engineer - Features computed for AIIL
2026-03-13 10:38:05,051 - INFO - features.engineer - Features computed for AIRAN
2026-03-13 10:38:05,199 - INFO - features.engineer - Features computed for AIROLAM
2026-03-13 10:38:05,408 - INFO - features.engineer - Features computed for AJANTPHARM
2026-03-13 10:38:05,465 - INFO - features.engineer - Features computed for AJAXENGG
2026-03-13 10:38:05,680 - INFO - features.engineer - Features computed for AJMERA
2026-03-13 10:38:05,845 - INFO - features.engineer - Features computed for AJOONI
2026-03-13 10:38:06,011 - INFO - features.engineer - Features computed for AKASH
2026-03-13 10:38:06,170 - INFO - features.engineer - Features computed for AKG
2026-03-13 10:38:06,273 - INFO - features.engineer - Features computed for AKI
2026-03-13 10:38:06,377 - INFO - features.engineer - Features computed for AKSHAR
2026-03-13 10:38:06,558 - INFO - features.engineer - Features computed for AKSHARCHEM
2026-03-13 10:38:06,773 - INFO - features.engineer - Features computed for AKSHOPTFBR
2026-03-13 10:38:06,846 - INFO - features.engineer - Features computed for AKUMS
2026-03-13 10:38:07,051 - INFO - features.engineer - Features computed for AKZOINDIA
2026-03-13 10:38:07,314 - INFO - features.engineer - Features computed for ALANKIT
2026-03-13 10:38:07,539 - INFO - features.engineer - Features computed for ALBERTDAVD
2026-03-13 10:38:07,770 - INFO - features.engineer - Features computed for ALEMBICLTD
2026-03-13 10:38:07,778 - WARNING - features.engineer - Not enough rows (45) in data\raw\ALGOQUANT.csv; skipping
2026-03-13 10:38:08,019 - INFO - features.engineer - Features computed for ALICON
2026-03-13 10:38:08,076 - INFO - features.engineer - Features computed for ALIVUS
2026-03-13 10:38:08,276 - INFO - features.engineer - Features computed for ALKALI
2026-03-13 10:38:08,487 - INFO - features.engineer - Features computed for ALKEM
2026-03-13 10:38:08,720 - INFO - features.engineer - Features computed for ALKYLAMINE
2026-03-13 10:38:08,998 - INFO - features.engineer - Features computed for ALLCARGO
2026-03-13 10:38:09,054 - INFO - features.engineer - Features computed for ALLDIGI
2026-03-13 10:38:09,102 - INFO - features.engineer - Features computed for ALLTIME
2026-03-13 10:38:09,329 - INFO - features.engineer - Features computed for ALMONDZ
2026-03-13 10:38:09,510 - INFO - features.engineer - Features computed for ALOKINDS
2026-03-13 10:38:09,718 - INFO - features.engineer - Features computed for ALPA
2026-03-13 10:38:09,949 - INFO - features.engineer - Features computed for ALPHAGEO
2026-03-13 10:38:09,959 - WARNING - features.engineer - Not enough rows (35) in data\raw\AMAGI.csv; skipping
2026-03-13 10:38:10,008 - INFO - features.engineer - Features computed for AMANTA
2026-03-13 10:38:10,239 - INFO - features.engineer - Features computed for AMBER
2026-03-13 10:38:10,414 - INFO - features.engineer - Features computed for AMBICAAGAR
2026-03-13 10:38:10,610 - INFO - features.engineer - Features computed for AMBIKCO
2026-03-13 10:38:10,828 - INFO - features.engineer - Features computed for AMBUJACEM
2026-03-13 10:38:11,026 - INFO - features.engineer - Features computed for AMDIND
2026-03-13 10:38:11,209 - INFO - features.engineer - Features computed for AMJLAND
2026-03-13 10:38:11,294 - INFO - features.engineer - Features computed for AMNPLST
2026-03-13 10:38:11,530 - INFO - features.engineer - Features computed for AMRUTANJAN
2026-03-13 10:38:11,632 - INFO - features.engineer - Features computed for ANANDRATHI
2026-03-13 10:38:11,878 - INFO - features.engineer - Features computed for ANANTRAJ
2026-03-13 10:38:12,109 - INFO - features.engineer - Features computed for ANDHRAPAP
2026-03-13 10:38:12,332 - INFO - features.engineer - Features computed for ANDHRSUGAR
2026-03-13 10:38:12,496 - INFO - features.engineer - Features computed for ANGELONE
2026-03-13 10:38:12,693 - INFO - features.engineer - Features computed for ANIKINDS
2026-03-13 10:38:12,865 - INFO - features.engineer - Features computed for ANKITMETAL
2026-03-13 10:38:12,980 - INFO - features.engineer - Features computed for ANMOL
2026-03-13 10:38:13,154 - INFO - features.engineer - Features computed for ANSALAPI
2026-03-13 10:38:13,199 - INFO - features.engineer - Features computed for ANTELOPUS
2026-03-13 10:38:13,379 - INFO - features.engineer - Features computed for ANTGRAPHIC
2026-03-13 10:38:13,425 - INFO - features.engineer - Features computed for ANTHEM
2026-03-13 10:38:13,482 - INFO - features.engineer - Features computed for ANUHPHR
2026-03-13 10:38:13,634 - INFO - features.engineer - Features computed for ANUP
2026-03-13 10:38:13,759 - INFO - features.engineer - Features computed for ANURAS
2026-03-13 10:38:13,958 - INFO - features.engineer - Features computed for APARINDS
2026-03-13 10:38:14,144 - INFO - features.engineer - Features computed for APCL
2026-03-13 10:38:14,339 - INFO - features.engineer - Features computed for APCOTEXIND
2026-03-13 10:38:14,565 - INFO - features.engineer - Features computed for APEX
2026-03-13 10:38:14,758 - INFO - features.engineer - Features computed for APLAPOLLO
2026-03-13 10:38:14,982 - INFO - features.engineer - Features computed for APLLTD
2026-03-13 10:38:15,178 - INFO - features.engineer - Features computed for APOLLO
2026-03-13 10:38:15,397 - INFO - features.engineer - Features computed for APOLLOHOSP
2026-03-13 10:38:15,532 - INFO - features.engineer - Features computed for APOLLOPIPE
2026-03-13 10:38:15,817 - INFO - features.engineer - Features computed for APOLLOTYRE
2026-03-13 10:38:16,032 - INFO - features.engineer - Features computed for APOLSINHOT
2026-03-13 10:38:16,235 - INFO - features.engineer - Features computed for APTECHT
2026-03-13 10:39:13,115 - INFO - data.ticker_fetcher - Fetched 2251 NSE tickers
2026-03-13 10:39:13,117 - INFO - __main__ - Limiting tickers to first 150 for this run
2026-03-13 10:39:37,161 - WARNING - data.downloader - No data for AEPL.NS
2026-03-13 10:40:09,775 - INFO - data.downloader - Download complete. Files saved to data/raw
2026-03-13 10:40:10,025 - INFO - features.engineer - Features computed for 20MICRONS
2026-03-13 10:40:10,226 - INFO - features.engineer - Features computed for 21STCENMGM
2026-03-13 10:40:10,394 - INFO - features.engineer - Features computed for 360ONE
2026-03-13 10:40:10,617 - INFO - features.engineer - Features computed for 3IINFOLTD
2026-03-13 10:40:10,915 - INFO - features.engineer - Features computed for 3MINDIA
2026-03-13 10:40:11,154 - INFO - features.engineer - Features computed for 3PLAND
2026-03-13 10:40:11,355 - INFO - features.engineer - Features computed for 5PAISA
2026-03-13 10:40:11,562 - INFO - features.engineer - Features computed for 63MOONS
2026-03-13 10:40:11,776 - INFO - features.engineer - Features computed for A2ZINFRA
2026-03-13 10:40:11,928 - INFO - features.engineer - Features computed for AAATECH
2026-03-13 10:40:12,000 - INFO - features.engineer - Features computed for AADHARHFC
2026-03-13 10:40:12,177 - INFO - features.engineer - Features computed for AAKASH
2026-03-13 10:40:12,313 - INFO - features.engineer - Features computed for AAREYDRUGS
2026-03-13 10:40:12,325 - WARNING - features.engineer - Not enough rows (11) in data\raw\AARNAV.csv; skipping
2026-03-13 10:40:12,502 - INFO - features.engineer - Features computed for AARON
2026-03-13 10:40:12,604 - INFO - features.engineer - Features computed for AARTECH
2026-03-13 10:40:12,910 - INFO - features.engineer - Features computed for AARTIDRUGS
2026-03-13 10:40:13,095 - INFO - features.engineer - Features computed for AARTIIND
2026-03-13 10:40:13,179 - INFO - features.engineer - Features computed for AARTIPHARM
2026-03-13 10:40:13,323 - INFO - features.engineer - Features computed for AARTISURF
2026-03-13 10:40:13,495 - INFO - features.engineer - Features computed for AARVI
2026-03-13 10:40:13,665 - INFO - features.engineer - Features computed for AAVAS
2026-03-13 10:40:13,862 - INFO - features.engineer - Features computed for ABB
2026-03-13 10:40:14,080 - INFO - features.engineer - Features computed for ABBOTINDIA
2026-03-13 10:40:14,259 - INFO - features.engineer - Features computed for ABCAPITAL
2026-03-13 10:40:14,342 - INFO - features.engineer - Features computed for ABCOTS
2026-03-13 10:40:14,405 - INFO - features.engineer - Features computed for ABDL
2026-03-13 10:40:14,594 - INFO - features.engineer - Features computed for ABFRL
2026-03-13 10:40:14,758 - INFO - features.engineer - Features computed for ABINFRA
2026-03-13 10:40:14,800 - INFO - features.engineer - Features computed for ABLBL
2026-03-13 10:40:14,978 - INFO - features.engineer - Features computed for ABMINTLLTD
2026-03-13 10:40:15,168 - INFO - features.engineer - Features computed for ABREL
2026-03-13 10:40:15,284 - INFO - features.engineer - Features computed for ABSLAMC
2026-03-13 10:40:15,531 - INFO - features.engineer - Features computed for ACC
2026-03-13 10:40:15,784 - INFO - features.engineer - Features computed for ACCELYA
2026-03-13 10:40:15,940 - INFO - features.engineer - Features computed for ACCURACY
2026-03-13 10:40:16,143 - INFO - features.engineer - Features computed for ACE
2026-03-13 10:40:16,302 - INFO - features.engineer - Features computed for ACEINTEG
2026-03-13 10:40:16,407 - INFO - features.engineer - Features computed for ACI
2026-03-13 10:40:16,584 - INFO - features.engineer - Features computed for ACL
2026-03-13 10:40:16,637 - INFO - features.engineer - Features computed for ACMESOLAR
2026-03-13 10:40:16,683 - INFO - features.engineer - Features computed for ACUTAAS
2026-03-13 10:40:16,756 - INFO - features.engineer - Features computed for ADANIENSOL
2026-03-13 10:40:17,110 - INFO - features.engineer - Features computed for ADANIENT
2026-03-13 10:40:17,255 - INFO - features.engineer - Features computed for ADANIGREEN
2026-03-13 10:40:17,515 - INFO - features.engineer - Features computed for ADANIPORTS
2026-03-13 10:40:17,725 - INFO - features.engineer - Features computed for ADANIPOWER
2026-03-13 10:40:17,931 - INFO - features.engineer - Features computed for ADFFOODS
2026-03-13 10:40:18,068 - INFO - features.engineer - Features computed for ADL
2026-03-13 10:40:18,265 - INFO - features.engineer - Features computed for ADOR
2026-03-13 10:40:18,463 - INFO - features.engineer - Features computed for ADROITINFO
2026-03-13 10:40:18,665 - INFO - features.engineer - Features computed for ADSL
2026-03-13 10:40:18,674 - WARNING - features.engineer - Not enough rows (36) in data\raw\ADVAIT.csv; skipping
2026-03-13 10:40:18,719 - INFO - features.engineer - Features computed for ADVANCE
2026-03-13 10:40:18,923 - INFO - features.engineer - Features computed for ADVANIHOTR
2026-03-13 10:40:18,952 - INFO - features.engineer - Features computed for ADVENTHTL
2026-03-13 10:40:19,264 - INFO - features.engineer - Features computed for ADVENZYMES
2026-03-13 10:40:19,346 - INFO - features.engineer - Features computed for AEGISLOG
2026-03-13 10:40:19,391 - INFO - features.engineer - Features computed for AEGISVOPAK
2026-03-13 10:40:19,418 - INFO - features.engineer - Features computed for AEQUS
2026-03-13 10:40:19,467 - INFO - features.engineer - Features computed for AEROENTER
2026-03-13 10:40:19,545 - INFO - features.engineer - Features computed for AEROFLEX
2026-03-13 10:40:19,631 - INFO - features.engineer - Features computed for AERONEU
2026-03-13 10:40:19,749 - INFO - features.engineer - Features computed for AETHER
2026-03-13 10:40:19,803 - INFO - features.engineer - Features computed for AFCONS
2026-03-13 10:40:19,948 - INFO - features.engineer - Features computed for AFFLE
2026-03-13 10:40:20,004 - INFO - features.engineer - Features computed for AFFORDABLE
2026-03-13 10:40:20,072 - INFO - features.engineer - Features computed for AFIL
2026-03-13 10:40:20,171 - INFO - features.engineer - Features computed for AFSL
2026-03-13 10:40:20,402 - INFO - features.engineer - Features computed for AGARIND
2026-03-13 10:40:20,501 - INFO - features.engineer - Features computed for AGARWALEYE
2026-03-13 10:40:20,690 - INFO - features.engineer - Features computed for AGI
2026-03-13 10:40:20,749 - INFO - features.engineer - Features computed for AGIIL
2026-03-13 10:40:20,952 - INFO - features.engineer - Features computed for AGRITECH
2026-03-13 10:40:21,116 - INFO - features.engineer - Features computed for AGROPHOS
2026-03-13 10:40:21,214 - INFO - features.engineer - Features computed for AGSTRA
2026-03-13 10:40:21,261 - INFO - features.engineer - Features computed for AHCL
2026-03-13 10:40:21,425 - INFO - features.engineer - Features computed for AHLADA
2026-03-13 10:40:21,687 - INFO - features.engineer - Features computed for AHLEAST
2026-03-13 10:40:21,856 - INFO - features.engineer - Features computed for AHLUCONT
2026-03-13 10:40:22,071 - INFO - features.engineer - Features computed for AIAENG
2026-03-13 10:40:22,140 - INFO - features.engineer - Features computed for AIIL
2026-03-13 10:40:22,314 - INFO - features.engineer - Features computed for AIRAN
2026-03-13 10:40:22,459 - INFO - features.engineer - Features computed for AIROLAM
2026-03-13 10:40:22,655 - INFO - features.engineer - Features computed for AJANTPHARM
2026-03-13 10:40:22,721 - INFO - features.engineer - Features computed for AJAXENGG
2026-03-13 10:40:22,911 - INFO - features.engineer - Features computed for AJMERA
2026-03-13 10:40:23,070 - INFO - features.engineer - Features computed for AJOONI
2026-03-13 10:40:23,281 - INFO - features.engineer - Features computed for AKASH
2026-03-13 10:40:23,497 - INFO - features.engineer - Features computed for AKG
2026-03-13 10:40:23,585 - INFO - features.engineer - Features computed for AKI
2026-03-13 10:40:23,676 - INFO - features.engineer - Features computed for AKSHAR
2026-03-13 10:40:23,855 - INFO - features.engineer - Features computed for AKSHARCHEM
2026-03-13 10:40:24,057 - INFO - features.engineer - Features computed for AKSHOPTFBR
2026-03-13 10:40:24,118 - INFO - features.engineer - Features computed for AKUMS
2026-03-13 10:40:24,320 - INFO - features.engineer - Features computed for AKZOINDIA
2026-03-13 10:40:24,511 - INFO - features.engineer - Features computed for ALANKIT
2026-03-13 10:40:24,710 - INFO - features.engineer - Features computed for ALBERTDAVD
2026-03-13 10:40:24,927 - INFO - features.engineer - Features computed for ALEMBICLTD
2026-03-13 10:40:24,935 - WARNING - features.engineer - Not enough rows (45) in data\raw\ALGOQUANT.csv; skipping
2026-03-13 10:40:25,185 - INFO - features.engineer - Features computed for ALICON
2026-03-13 10:40:25,237 - INFO - features.engineer - Features computed for ALIVUS
2026-03-13 10:40:25,437 - INFO - features.engineer - Features computed for ALKALI
2026-03-13 10:40:25,625 - INFO - features.engineer - Features computed for ALKEM
2026-03-13 10:40:25,824 - INFO - features.engineer - Features computed for ALKYLAMINE
2026-03-13 10:40:26,028 - INFO - features.engineer - Features computed for ALLCARGO
2026-03-13 10:40:26,088 - INFO - features.engineer - Features computed for ALLDIGI
2026-03-13 10:40:26,139 - INFO - features.engineer - Features computed for ALLTIME
2026-03-13 10:40:26,350 - INFO - features.engineer - Features computed for ALMONDZ
2026-03-13 10:40:26,545 - INFO - features.engineer - Features computed for ALOKINDS
2026-03-13 10:40:26,756 - INFO - features.engineer - Features computed for ALPA
2026-03-13 10:40:26,974 - INFO - features.engineer - Features computed for ALPHAGEO
2026-03-13 10:40:26,984 - WARNING - features.engineer - Not enough rows (35) in data\raw\AMAGI.csv; skipping
2026-03-13 10:40:27,030 - INFO - features.engineer - Features computed for AMANTA
2026-03-13 10:40:27,199 - INFO - features.engineer - Features computed for AMBER
2026-03-13 10:40:27,397 - INFO - features.engineer - Features computed for AMBICAAGAR
2026-03-13 10:40:27,674 - INFO - features.engineer - Features computed for AMBIKCO
2026-03-13 10:40:27,858 - INFO - features.engineer - Features computed for AMBUJACEM
2026-03-13 10:40:28,060 - INFO - features.engineer - Features computed for AMDIND
2026-03-13 10:40:28,254 - INFO - features.engineer - Features computed for AMJLAND
2026-03-13 10:40:28,350 - INFO - features.engineer - Features computed for AMNPLST
2026-03-13 10:40:28,568 - INFO - features.engineer - Features computed for AMRUTANJAN
2026-03-13 10:40:28,670 - INFO - features.engineer - Features computed for ANANDRATHI
2026-03-13 10:40:28,889 - INFO - features.engineer - Features computed for ANANTRAJ
2026-03-13 10:40:29,093 - INFO - features.engineer - Features computed for ANDHRAPAP
2026-03-13 10:40:29,329 - INFO - features.engineer - Features computed for ANDHRSUGAR
2026-03-13 10:40:29,515 - INFO - features.engineer - Features computed for ANGELONE
2026-03-13 10:40:29,703 - INFO - features.engineer - Features computed for ANIKINDS
2026-03-13 10:40:29,875 - INFO - features.engineer - Features computed for ANKITMETAL
2026-03-13 10:40:30,005 - INFO - features.engineer - Features computed for ANMOL
2026-03-13 10:40:30,209 - INFO - features.engineer - Features computed for ANSALAPI
2026-03-13 10:40:30,260 - INFO - features.engineer - Features computed for ANTELOPUS
2026-03-13 10:40:30,482 - INFO - features.engineer - Features computed for ANTGRAPHIC
2026-03-13 10:40:30,538 - INFO - features.engineer - Features computed for ANTHEM
2026-03-13 10:40:30,591 - INFO - features.engineer - Features computed for ANUHPHR
2026-03-13 10:40:30,738 - INFO - features.engineer - Features computed for ANUP
2026-03-13 10:40:30,860 - INFO - features.engineer - Features computed for ANURAS
2026-03-13 10:40:31,050 - INFO - features.engineer - Features computed for APARINDS
2026-03-13 10:40:31,222 - INFO - features.engineer - Features computed for APCL
2026-03-13 10:40:31,410 - INFO - features.engineer - Features computed for APCOTEXIND
2026-03-13 10:40:31,626 - INFO - features.engineer - Features computed for APEX
2026-03-13 10:40:31,880 - INFO - features.engineer - Features computed for APLAPOLLO
2026-03-13 10:40:32,063 - INFO - features.engineer - Features computed for APLLTD
2026-03-13 10:40:32,221 - INFO - features.engineer - Features computed for APOLLO
2026-03-13 10:40:32,407 - INFO - features.engineer - Features computed for APOLLOHOSP
2026-03-13 10:40:32,552 - INFO - features.engineer - Features computed for APOLLOPIPE
2026-03-13 10:40:32,768 - INFO - features.engineer - Features computed for APOLLOTYRE
2026-03-13 10:40:33,000 - INFO - features.engineer - Features computed for APOLSINHOT
2026-03-13 10:40:33,202 - INFO - features.engineer - Features computed for APTECHT
2026-03-13 10:41:13,283 - INFO - training.trainer - Tree models trained
2026-03-13 10:41:41,583 - INFO - training.trainer - LSTM epoch 1 loss 0.6884
2026-03-13 10:42:04,626 - INFO - training.trainer - LSTM epoch 2 loss 0.6873
2026-03-13 10:42:27,804 - INFO - training.trainer - LSTM epoch 3 loss 0.6862
2026-03-13 10:43:36,160 - INFO - training.trainer - LSTM epoch 4 loss 0.6857
2026-03-13 10:43:59,500 - INFO - training.trainer - LSTM epoch 5 loss 0.6852
2026-03-13 10:44:22,760 - INFO - training.trainer - LSTM epoch 6 loss 0.6847
2026-03-13 10:44:45,728 - INFO - training.trainer - LSTM epoch 7 loss 0.6844
2026-03-13 10:45:09,322 - INFO - training.trainer - LSTM epoch 8 loss 0.6839
2026-03-13 10:45:33,645 - INFO - training.trainer - LSTM epoch 9 loss 0.6835
2026-03-13 10:45:58,676 - INFO - training.trainer - LSTM epoch 10 loss 0.6830
2026-03-13 10:45:59,901 - INFO - training.trainer - LSTM validation AUC 0.547
2026-03-13 10:46:00,103 - INFO - training.trainer - All models trained
2026-03-13 10:46:01,734 - INFO - training.trainer - Ensemble AUC 0.567
2026-03-13 10:46:01,747 - INFO - __main__ - Training complete. AUC: 0.567
2026-03-13 10:46:02,035 - INFO - training.trainer - Models saved to models
2026-03-13 10:46:02,478 - INFO - __main__ - Backtest done for 20MICRONS.NS
2026-03-13 10:46:02,479 - INFO - __main__ - Backtest metrics: Start                     2017-01-05 00:00:00
End                       2026-03-12 00:00:00
Duration                   3353 days 00:00:00
Exposure Time [%]                     3.39506
Equity Final [$]                  99648.72842
Equity Peak [$]                  107435.35705
Commissions [$]                    1571.40698
Return [%]                           -0.35127
Buy & Hold Return [%]               386.04612
Return (Ann.) [%]                    -0.03909
Volatility (Ann.) [%]                 4.11992
CAGR [%]                             -0.02644
Sharpe Ratio                         -0.00949
Sortino Ratio                        -0.01709
Calmar Ratio                         -0.00415
Alpha [%]                            -5.22348
Beta                                  0.01262
Max. Drawdown [%]                    -9.42518
Avg. Drawdown [%]                     -2.9778
Max. Drawdown Duration     1906 days 00:00:00
Avg. Drawdown Duration      534 days 00:00:00
# Trades                                   30
Win Rate [%]                         36.66667
Best Trade [%]                       11.00881
Worst Trade [%]                      -7.93425
Avg. Trade [%]                       -0.08893
Max. Trade Duration          11 days 00:00:00
Avg. Trade Duration           3 days 00:00:00
Profit Factor                         1.01345
Expectancy [%]                        0.02452
SQN                                  -0.02541
Kelly Criterion                      -0.00451
_strategy                      SignalStrategy
_equity_curve                             ...
_trades                       Size  EntryB...
dtype: object
2026-04-14 14:32:01,224 - INFO - training.trainer - Tree models trained
2026-04-14 14:34:31,977 - INFO - training.trainer - LSTM epoch 1 loss 0.6903
2026-04-14 14:36:55,306 - INFO - training.trainer - LSTM epoch 2 loss 0.6898
2026-04-14 14:40:11,254 - INFO - training.trainer - Tree models trained
2026-04-14 14:40:18,271 - INFO - training.trainer - LSTM epoch 3 loss 0.6894
2026-04-14 14:42:14,120 - INFO - training.trainer - LSTM epoch 4 loss 0.6888
2026-04-14 14:42:17,065 - INFO - training.trainer - LSTM epoch 1 loss 0.6904
2026-04-14 14:43:11,668 - INFO - training.trainer - LSTM epoch 5 loss 0.6881
2026-04-14 14:43:15,383 - INFO - training.trainer - LSTM epoch 2 loss 0.6898
2026-04-14 14:44:15,578 - INFO - training.trainer - LSTM epoch 6 loss 0.6870
2026-04-14 14:44:19,453 - INFO - training.trainer - LSTM epoch 3 loss 0.6894
2026-04-14 14:45:22,115 - INFO - training.trainer - LSTM epoch 7 loss 0.6853
2026-04-14 14:45:25,795 - INFO - training.trainer - LSTM epoch 4 loss 0.6889
2026-04-14 14:46:28,139 - INFO - training.trainer - LSTM epoch 8 loss 0.6832
2026-04-14 14:46:31,453 - INFO - training.trainer - LSTM epoch 5 loss 0.6885
2026-04-14 14:47:58,868 - INFO - training.trainer - LSTM epoch 9 loss 0.6803
2026-04-14 14:48:07,135 - INFO - training.trainer - LSTM epoch 6 loss 0.6872
2026-04-14 14:50:12,105 - INFO - training.trainer - LSTM epoch 10 loss 0.6770
2026-04-14 14:50:15,970 - INFO - training.trainer - LSTM validation AUC 0.509
2026-04-14 14:50:20,946 - INFO - training.trainer - All models trained
2026-04-14 14:50:23,887 - INFO - training.trainer - Ensemble AUC 0.496
2026-04-14 14:50:23,963 - INFO - training.trainer - LSTM epoch 7 loss 0.6858
2026-04-14 14:50:23,980 - INFO - __main__ - Training complete. AUC: 0.496
2026-04-14 14:52:45,143 - INFO - training.trainer - LSTM epoch 8 loss 0.6836
2026-04-14 14:55:01,642 - INFO - training.trainer - LSTM epoch 9 loss 0.6805
2026-04-14 14:58:25,835 - INFO - training.trainer - LSTM epoch 10 loss 0.6772
2026-04-14 14:58:28,512 - INFO - training.trainer - LSTM validation AUC 0.488
2026-04-14 14:58:31,970 - INFO - training.trainer - All models trained
2026-04-14 14:58:35,135 - INFO - training.trainer - Ensemble AUC 0.498
2026-04-14 14:58:35,185 - INFO - __main__ - Training complete. AUC: 0.498
